[0.013s] Invoking command in '/home/createc/task2_ws/build/custom_interfaces': CMAKE_PREFIX_PATH=/opt/ros/galactic:${CMAKE_PREFIX_PATH} /usr/bin/cmake /home/createc/task2_ws/src/custom_interfaces -DCMAKE_INSTALL_PREFIX=/home/createc/task2_ws/install/custom_interfaces
[0.034s] -- Found ament_cmake: 1.1.5 (/opt/ros/galactic/share/ament_cmake/cmake)
[0.057s] -- Found PythonInterp: /usr/bin/python3 (found suitable version "3.8.10", minimum required is "3") 
[0.057s] -- Using PYTHON_EXECUTABLE: /usr/bin/python3
[0.124s] -- Found rosidl_default_generators: 1.1.1 (/opt/ros/galactic/share/rosidl_default_generators/cmake)
[0.127s] -- Using all available rosidl_typesupport_c: rosidl_typesupport_fastrtps_c;rosidl_typesupport_introspection_c
[0.130s] -- Found rosidl_adapter: 2.2.2 (/opt/ros/galactic/share/rosidl_adapter/cmake)
[0.277s] -- Using all available rosidl_typesupport_cpp: rosidl_typesupport_fastrtps_cpp;rosidl_typesupport_introspection_cpp
[0.324s] -- Found PythonInterp: /usr/bin/python3 (found version "3.8.10") 
[0.446s] -- Found ament_cmake_ros: 0.9.2 (/opt/ros/galactic/share/ament_cmake_ros/cmake)
[0.552s] -- Using all available rosidl_typesupport_c: rosidl_typesupport_fastrtps_c;rosidl_typesupport_introspection_c
[0.558s] -- Using all available rosidl_typesupport_cpp: rosidl_typesupport_fastrtps_cpp;rosidl_typesupport_introspection_cpp
[0.586s] -- Found PythonInterp: /usr/bin/python3 (found suitable version "3.8.10", minimum required is "3.5") 
[0.586s] -- Found python_cmake_module: 0.8.1 (/opt/ros/galactic/share/python_cmake_module/cmake)
[0.612s] -- Using PYTHON_EXECUTABLE: /usr/bin/python3
[0.612s] -- Using PYTHON_INCLUDE_DIRS: /usr/include/python3.8
[0.612s] -- Using PYTHON_LIBRARIES: /usr/lib/x86_64-linux-gnu/libpython3.8.so
[0.626s] -- Found ament_lint_auto: 0.10.7 (/opt/ros/galactic/share/ament_lint_auto/cmake)
[0.637s] -- Added test 'copyright' to check source files copyright and LICENSE
[0.638s] -- Added test 'lint_cmake' to check CMake code style
[0.640s] -- Added test 'xmllint' to check XML markup files
[0.643s] -- Configuring done
[0.673s] -- Generating done
[0.676s] -- Build files have been written to: /home/createc/task2_ws/build/custom_interfaces
[0.683s] Invoked command in '/home/createc/task2_ws/build/custom_interfaces' returned '0': CMAKE_PREFIX_PATH=/opt/ros/galactic:${CMAKE_PREFIX_PATH} /usr/bin/cmake /home/createc/task2_ws/src/custom_interfaces -DCMAKE_INSTALL_PREFIX=/home/createc/task2_ws/install/custom_interfaces
[0.686s] Invoking command in '/home/createc/task2_ws/build/custom_interfaces': CMAKE_PREFIX_PATH=/opt/ros/galactic:${CMAKE_PREFIX_PATH} /usr/bin/cmake --build /home/createc/task2_ws/build/custom_interfaces -- -j8 -l8
[0.737s] [  3%] [34m[1mGenerating C code for ROS interfaces[0m
[0.737s] [35m[1mScanning dependencies of target custom_interfaces__cpp[0m
[0.749s] [  6%] [34m[1mGenerating C++ code for ROS interfaces[0m
[1.028s] [  6%] Built target custom_interfaces__cpp
[1.028s] [35m[1mScanning dependencies of target custom_interfaces__rosidl_generator_c[0m
[1.038s] [ 16%] [34m[1mGenerating C++ introspection for ROS interfaces[0m
[1.039s] [ 16%] [34m[1mGenerating C++ type support dispatch for ROS interfaces[0m
[1.039s] [ 16%] [34m[1mGenerating C++ type support for eProsima Fast-RTPS[0m
[1.041s] [ 19%] [32mBuilding C object CMakeFiles/custom_interfaces__rosidl_generator_c.dir/rosidl_generator_c/custom_interfaces/msg/detail/system_msg__functions.c.o[0m
[1.102s] [ 22%] [32m[1mLinking C shared library libcustom_interfaces__rosidl_generator_c.so[0m
[1.138s] [ 22%] Built target custom_interfaces__rosidl_generator_c
[1.149s] [ 25%] [34m[1mGenerating C introspection for ROS interfaces[0m
[1.153s] [ 29%] [34m[1mGenerating C type support dispatch for ROS interfaces[0m
[1.297s] [35m[1mScanning dependencies of target custom_interfaces__rosidl_typesupport_cpp[0m
[1.312s] [ 32%] [32mBuilding CXX object CMakeFiles/custom_interfaces__rosidl_typesupport_cpp.dir/rosidl_typesupport_cpp/custom_interfaces/msg/system_msg__type_support.cpp.o[0m
[1.314s] [35m[1mScanning dependencies of target custom_interfaces__rosidl_typesupport_introspection_cpp[0m
[1.327s] [ 35%] [32mBuilding CXX object CMakeFiles/custom_interfaces__rosidl_typesupport_introspection_cpp.dir/rosidl_typesupport_introspection_cpp/custom_interfaces/msg/detail/system_msg__type_support.cpp.o[0m
[1.337s] [35m[1mScanning dependencies of target custom_interfaces__rosidl_typesupport_fastrtps_cpp[0m
[1.357s] [ 38%] [32mBuilding CXX object CMakeFiles/custom_interfaces__rosidl_typesupport_fastrtps_cpp.dir/rosidl_typesupport_fastrtps_cpp/custom_interfaces/msg/detail/dds_fastrtps/system_msg__type_support.cpp.o[0m
[1.602s] [35m[1mScanning dependencies of target custom_interfaces__rosidl_typesupport_c[0m
[1.615s] [ 41%] [32mBuilding CXX object CMakeFiles/custom_interfaces__rosidl_typesupport_c.dir/rosidl_typesupport_c/custom_interfaces/msg/system_msg__type_support.cpp.o[0m
[1.621s] [35m[1mScanning dependencies of target custom_interfaces__rosidl_typesupport_introspection_c[0m
[1.631s] [ 45%] [32m[1mLinking CXX shared library libcustom_interfaces__rosidl_typesupport_cpp.so[0m
[1.634s] [ 48%] [32mBuilding C object CMakeFiles/custom_interfaces__rosidl_typesupport_introspection_c.dir/rosidl_typesupport_introspection_c/custom_interfaces/msg/detail/system_msg__type_support.c.o[0m
[1.646s] [ 51%] [32m[1mLinking CXX shared library libcustom_interfaces__rosidl_typesupport_c.so[0m
[1.669s] [ 54%] [32m[1mLinking C shared library libcustom_interfaces__rosidl_typesupport_introspection_c.so[0m
[1.673s] [ 54%] Built target custom_interfaces__rosidl_typesupport_cpp
[1.688s] [ 54%] Built target custom_interfaces__rosidl_typesupport_c
[1.699s] [ 54%] Built target custom_interfaces__rosidl_typesupport_introspection_c
[1.894s] [ 58%] [32m[1mLinking CXX shared library libcustom_interfaces__rosidl_typesupport_introspection_cpp.so[0m
[1.974s] [ 58%] Built target custom_interfaces__rosidl_typesupport_introspection_cpp
[2.063s] [ 61%] [32m[1mLinking CXX shared library libcustom_interfaces__rosidl_typesupport_fastrtps_cpp.so[0m
[2.169s] [ 61%] Built target custom_interfaces__rosidl_typesupport_fastrtps_cpp
[2.185s] [ 64%] [34m[1mGenerating C type support for eProsima Fast-RTPS[0m
[2.454s] [35m[1mScanning dependencies of target custom_interfaces__rosidl_typesupport_fastrtps_c[0m
[2.473s] [ 67%] [32mBuilding CXX object CMakeFiles/custom_interfaces__rosidl_typesupport_fastrtps_c.dir/rosidl_typesupport_fastrtps_c/custom_interfaces/msg/detail/system_msg__type_support_c.cpp.o[0m
[2.831s] [ 70%] [32m[1mLinking CXX shared library libcustom_interfaces__rosidl_typesupport_fastrtps_c.so[0m
[2.924s] [ 70%] Built target custom_interfaces__rosidl_typesupport_fastrtps_c
[2.937s] [35m[1mScanning dependencies of target custom_interfaces[0m
[2.951s] [ 70%] Built target custom_interfaces
[2.964s] [35m[1mScanning dependencies of target custom_interfaces__py[0m
[2.976s] [ 74%] [34m[1mGenerating Python code for ROS interfaces[0m
[3.547s] [ 74%] Built target custom_interfaces__py
[3.560s] [35m[1mScanning dependencies of target custom_interfaces__python[0m
[3.603s] [ 77%] [32mBuilding C object CMakeFiles/custom_interfaces__python.dir/rosidl_generator_py/custom_interfaces/msg/_system_msg_s.c.o[0m
[3.751s] [ 80%] [32m[1mLinking C shared library rosidl_generator_py/custom_interfaces/libcustom_interfaces__python.so[0m
[3.796s] [ 80%] Built target custom_interfaces__python
[3.808s] [35m[1mScanning dependencies of target custom_interfaces__rosidl_typesupport_introspection_c__pyext[0m
[3.808s] [35m[1mScanning dependencies of target custom_interfaces__rosidl_typesupport_fastrtps_c__pyext[0m
[3.808s] [35m[1mScanning dependencies of target custom_interfaces__rosidl_typesupport_c__pyext[0m
[3.827s] [ 83%] [32mBuilding C object CMakeFiles/custom_interfaces__rosidl_typesupport_c__pyext.dir/rosidl_generator_py/custom_interfaces/_custom_interfaces_s.ep.rosidl_typesupport_c.c.o[0m
[3.829s] [ 90%] [32mBuilding C object CMakeFiles/custom_interfaces__rosidl_typesupport_fastrtps_c__pyext.dir/rosidl_generator_py/custom_interfaces/_custom_interfaces_s.ep.rosidl_typesupport_fastrtps_c.c.o[0m
[3.829s] [ 90%] [32mBuilding C object CMakeFiles/custom_interfaces__rosidl_typesupport_introspection_c__pyext.dir/rosidl_generator_py/custom_interfaces/_custom_interfaces_s.ep.rosidl_typesupport_introspection_c.c.o[0m
[3.906s] [ 93%] [32m[1mLinking C shared library rosidl_generator_py/custom_interfaces/custom_interfaces_s__rosidl_typesupport_c.cpython-38-x86_64-linux-gnu.so[0m
[3.909s] [100%] [32m[1mLinking CXX shared library rosidl_generator_py/custom_interfaces/custom_interfaces_s__rosidl_typesupport_fastrtps_c.cpython-38-x86_64-linux-gnu.so[0m
[3.909s] [100%] [32m[1mLinking C shared library rosidl_generator_py/custom_interfaces/custom_interfaces_s__rosidl_typesupport_introspection_c.cpython-38-x86_64-linux-gnu.so[0m
[3.941s] [100%] Built target custom_interfaces__rosidl_typesupport_c__pyext
[3.944s] [100%] Built target custom_interfaces__rosidl_typesupport_introspection_c__pyext
[3.974s] [100%] Built target custom_interfaces__rosidl_typesupport_fastrtps_c__pyext
[3.991s] Invoked command in '/home/createc/task2_ws/build/custom_interfaces' returned '0': CMAKE_PREFIX_PATH=/opt/ros/galactic:${CMAKE_PREFIX_PATH} /usr/bin/cmake --build /home/createc/task2_ws/build/custom_interfaces -- -j8 -l8
[4.077s] Invoking command in '/home/createc/task2_ws/build/custom_interfaces': CMAKE_PREFIX_PATH=/opt/ros/galactic:${CMAKE_PREFIX_PATH} /usr/bin/cmake --install /home/createc/task2_ws/build/custom_interfaces
[4.088s] -- Install configuration: ""
[4.088s] -- Installing: /home/createc/task2_ws/install/custom_interfaces/share/ament_index/resource_index/rosidl_interfaces/custom_interfaces
[4.089s] -- Installing: /home/createc/task2_ws/install/custom_interfaces/include/custom_interfaces
[4.089s] -- Installing: /home/createc/task2_ws/install/custom_interfaces/include/custom_interfaces/msg
[4.089s] -- Installing: /home/createc/task2_ws/install/custom_interfaces/include/custom_interfaces/msg/rosidl_generator_c__visibility_control.h
[4.089s] -- Installing: /home/createc/task2_ws/install/custom_interfaces/include/custom_interfaces/msg/system_msg.h
[4.089s] -- Installing: /home/createc/task2_ws/install/custom_interfaces/include/custom_interfaces/msg/detail
[4.090s] -- Installing: /home/createc/task2_ws/install/custom_interfaces/include/custom_interfaces/msg/detail/system_msg__type_support.h
[4.090s] -- Installing: /home/createc/task2_ws/install/custom_interfaces/include/custom_interfaces/msg/detail/system_msg__struct.h
[4.090s] -- Installing: /home/createc/task2_ws/install/custom_interfaces/include/custom_interfaces/msg/detail/system_msg__functions.c
[4.090s] -- Installing: /home/createc/task2_ws/install/custom_interfaces/include/custom_interfaces/msg/detail/system_msg__functions.h
[4.090s] -- Installing: /home/createc/task2_ws/install/custom_interfaces/share/custom_interfaces/environment/library_path.sh
[4.090s] -- Installing: /home/createc/task2_ws/install/custom_interfaces/share/custom_interfaces/environment/library_path.dsv
[4.091s] -- Installing: /home/createc/task2_ws/install/custom_interfaces/lib/libcustom_interfaces__rosidl_generator_c.so
[4.091s] -- Set runtime path of "/home/createc/task2_ws/install/custom_interfaces/lib/libcustom_interfaces__rosidl_generator_c.so" to ""
[4.091s] -- Up-to-date: /home/createc/task2_ws/install/custom_interfaces/include/custom_interfaces
[4.092s] -- Up-to-date: /home/createc/task2_ws/install/custom_interfaces/include/custom_interfaces/msg
[4.092s] -- Installing: /home/createc/task2_ws/install/custom_interfaces/include/custom_interfaces/msg/rosidl_typesupport_fastrtps_c__visibility_control.h
[4.092s] -- Up-to-date: /home/createc/task2_ws/install/custom_interfaces/include/custom_interfaces/msg/detail
[4.092s] -- Installing: /home/createc/task2_ws/install/custom_interfaces/include/custom_interfaces/msg/detail/system_msg__rosidl_typesupport_fastrtps_c.h
[4.092s] -- Installing: /home/createc/task2_ws/install/custom_interfaces/lib/libcustom_interfaces__rosidl_typesupport_fastrtps_c.so
[4.093s] -- Set runtime path of "/home/createc/task2_ws/install/custom_interfaces/lib/libcustom_interfaces__rosidl_typesupport_fastrtps_c.so" to ""
[4.093s] -- Up-to-date: /home/createc/task2_ws/install/custom_interfaces/include/custom_interfaces
[4.093s] -- Up-to-date: /home/createc/task2_ws/install/custom_interfaces/include/custom_interfaces/msg
[4.093s] -- Installing: /home/createc/task2_ws/install/custom_interfaces/include/custom_interfaces/msg/rosidl_typesupport_fastrtps_cpp__visibility_control.h
[4.093s] -- Up-to-date: /home/createc/task2_ws/install/custom_interfaces/include/custom_interfaces/msg/detail
[4.094s] -- Installing: /home/createc/task2_ws/install/custom_interfaces/include/custom_interfaces/msg/detail/system_msg__rosidl_typesupport_fastrtps_cpp.hpp
[4.094s] -- Installing: /home/createc/task2_ws/install/custom_interfaces/include/custom_interfaces/msg/detail/dds_fastrtps
[4.094s] -- Installing: /home/createc/task2_ws/install/custom_interfaces/lib/libcustom_interfaces__rosidl_typesupport_fastrtps_cpp.so
[4.094s] -- Set runtime path of "/home/createc/task2_ws/install/custom_interfaces/lib/libcustom_interfaces__rosidl_typesupport_fastrtps_cpp.so" to ""
[4.095s] -- Up-to-date: /home/createc/task2_ws/install/custom_interfaces/include/custom_interfaces
[4.095s] -- Up-to-date: /home/createc/task2_ws/install/custom_interfaces/include/custom_interfaces/msg
[4.095s] -- Installing: /home/createc/task2_ws/install/custom_interfaces/include/custom_interfaces/msg/rosidl_typesupport_introspection_c__visibility_control.h
[4.095s] -- Up-to-date: /home/createc/task2_ws/install/custom_interfaces/include/custom_interfaces/msg/detail
[4.095s] -- Installing: /home/createc/task2_ws/install/custom_interfaces/include/custom_interfaces/msg/detail/system_msg__type_support.c
[4.095s] -- Installing: /home/createc/task2_ws/install/custom_interfaces/include/custom_interfaces/msg/detail/system_msg__rosidl_typesupport_introspection_c.h
[4.095s] -- Installing: /home/createc/task2_ws/install/custom_interfaces/lib/libcustom_interfaces__rosidl_typesupport_introspection_c.so
[4.096s] -- Set runtime path of "/home/createc/task2_ws/install/custom_interfaces/lib/libcustom_interfaces__rosidl_typesupport_introspection_c.so" to ""
[4.096s] -- Installing: /home/createc/task2_ws/install/custom_interfaces/lib/libcustom_interfaces__rosidl_typesupport_c.so
[4.096s] -- Set runtime path of "/home/createc/task2_ws/install/custom_interfaces/lib/libcustom_interfaces__rosidl_typesupport_c.so" to ""
[4.096s] -- Up-to-date: /home/createc/task2_ws/install/custom_interfaces/include/custom_interfaces
[4.096s] -- Up-to-date: /home/createc/task2_ws/install/custom_interfaces/include/custom_interfaces/msg
[4.097s] -- Installing: /home/createc/task2_ws/install/custom_interfaces/include/custom_interfaces/msg/system_msg.hpp
[4.097s] -- Up-to-date: /home/createc/task2_ws/install/custom_interfaces/include/custom_interfaces/msg/detail
[4.097s] -- Installing: /home/createc/task2_ws/install/custom_interfaces/include/custom_interfaces/msg/detail/system_msg__traits.hpp
[4.097s] -- Installing: /home/createc/task2_ws/install/custom_interfaces/include/custom_interfaces/msg/detail/system_msg__struct.hpp
[4.097s] -- Installing: /home/createc/task2_ws/install/custom_interfaces/include/custom_interfaces/msg/detail/system_msg__builder.hpp
[4.097s] -- Up-to-date: /home/createc/task2_ws/install/custom_interfaces/include/custom_interfaces
[4.097s] -- Up-to-date: /home/createc/task2_ws/install/custom_interfaces/include/custom_interfaces/msg
[4.097s] -- Up-to-date: /home/createc/task2_ws/install/custom_interfaces/include/custom_interfaces/msg/detail
[4.097s] -- Installing: /home/createc/task2_ws/install/custom_interfaces/include/custom_interfaces/msg/detail/system_msg__type_support.cpp
[4.097s] -- Installing: /home/createc/task2_ws/install/custom_interfaces/include/custom_interfaces/msg/detail/system_msg__rosidl_typesupport_introspection_cpp.hpp
[4.098s] -- Installing: /home/createc/task2_ws/install/custom_interfaces/lib/libcustom_interfaces__rosidl_typesupport_introspection_cpp.so
[4.098s] -- Set runtime path of "/home/createc/task2_ws/install/custom_interfaces/lib/libcustom_interfaces__rosidl_typesupport_introspection_cpp.so" to ""
[4.098s] -- Installing: /home/createc/task2_ws/install/custom_interfaces/lib/libcustom_interfaces__rosidl_typesupport_cpp.so
[4.099s] -- Set runtime path of "/home/createc/task2_ws/install/custom_interfaces/lib/libcustom_interfaces__rosidl_typesupport_cpp.so" to ""
[4.099s] -- Installing: /home/createc/task2_ws/install/custom_interfaces/share/custom_interfaces/environment/pythonpath.sh
[4.099s] -- Installing: /home/createc/task2_ws/install/custom_interfaces/share/custom_interfaces/environment/pythonpath.dsv
[4.099s] -- Installing: /home/createc/task2_ws/install/custom_interfaces/lib/python3.8/site-packages/custom_interfaces/__init__.py
[4.132s] Compiling '/home/createc/task2_ws/install/custom_interfaces/lib/python3.8/site-packages/custom_interfaces/__init__.py'...
[4.137s] -- Installing: /home/createc/task2_ws/install/custom_interfaces/lib/python3.8/site-packages/custom_interfaces/msg
[4.137s] -- Installing: /home/createc/task2_ws/install/custom_interfaces/lib/python3.8/site-packages/custom_interfaces/msg/_system_msg.py
[4.137s] -- Installing: /home/createc/task2_ws/install/custom_interfaces/lib/python3.8/site-packages/custom_interfaces/msg/_system_msg_s.c
[4.137s] -- Installing: /home/createc/task2_ws/install/custom_interfaces/lib/python3.8/site-packages/custom_interfaces/msg/__init__.py
[4.137s] -- Installing: /home/createc/task2_ws/install/custom_interfaces/lib/python3.8/site-packages/custom_interfaces/custom_interfaces_s__rosidl_typesupport_fastrtps_c.cpython-38-x86_64-linux-gnu.so
[4.138s] -- Set runtime path of "/home/createc/task2_ws/install/custom_interfaces/lib/python3.8/site-packages/custom_interfaces/custom_interfaces_s__rosidl_typesupport_fastrtps_c.cpython-38-x86_64-linux-gnu.so" to ""
[4.138s] -- Installing: /home/createc/task2_ws/install/custom_interfaces/lib/python3.8/site-packages/custom_interfaces/custom_interfaces_s__rosidl_typesupport_introspection_c.cpython-38-x86_64-linux-gnu.so
[4.139s] -- Set runtime path of "/home/createc/task2_ws/install/custom_interfaces/lib/python3.8/site-packages/custom_interfaces/custom_interfaces_s__rosidl_typesupport_introspection_c.cpython-38-x86_64-linux-gnu.so" to ""
[4.139s] -- Installing: /home/createc/task2_ws/install/custom_interfaces/lib/python3.8/site-packages/custom_interfaces/custom_interfaces_s__rosidl_typesupport_c.cpython-38-x86_64-linux-gnu.so
[4.140s] -- Set runtime path of "/home/createc/task2_ws/install/custom_interfaces/lib/python3.8/site-packages/custom_interfaces/custom_interfaces_s__rosidl_typesupport_c.cpython-38-x86_64-linux-gnu.so" to ""
[4.140s] -- Installing: /home/createc/task2_ws/install/custom_interfaces/lib/libcustom_interfaces__python.so
[4.140s] -- Set runtime path of "/home/createc/task2_ws/install/custom_interfaces/lib/libcustom_interfaces__python.so" to ""
[4.140s] -- Installing: /home/createc/task2_ws/install/custom_interfaces/share/custom_interfaces/msg/SystemMsg.idl
[4.140s] -- Installing: /home/createc/task2_ws/install/custom_interfaces/share/custom_interfaces/msg/SystemMsg.msg
[4.141s] -- Installing: /home/createc/task2_ws/install/custom_interfaces/share/ament_index/resource_index/package_run_dependencies/custom_interfaces
[4.141s] -- Installing: /home/createc/task2_ws/install/custom_interfaces/share/ament_index/resource_index/parent_prefix_path/custom_interfaces
[4.141s] -- Installing: /home/createc/task2_ws/install/custom_interfaces/share/custom_interfaces/environment/ament_prefix_path.sh
[4.141s] -- Installing: /home/createc/task2_ws/install/custom_interfaces/share/custom_interfaces/environment/ament_prefix_path.dsv
[4.141s] -- Installing: /home/createc/task2_ws/install/custom_interfaces/share/custom_interfaces/environment/path.sh
[4.141s] -- Installing: /home/createc/task2_ws/install/custom_interfaces/share/custom_interfaces/environment/path.dsv
[4.142s] -- Installing: /home/createc/task2_ws/install/custom_interfaces/share/custom_interfaces/local_setup.bash
[4.142s] -- Installing: /home/createc/task2_ws/install/custom_interfaces/share/custom_interfaces/local_setup.sh
[4.142s] -- Installing: /home/createc/task2_ws/install/custom_interfaces/share/custom_interfaces/local_setup.zsh
[4.142s] -- Installing: /home/createc/task2_ws/install/custom_interfaces/share/custom_interfaces/local_setup.dsv
[4.142s] -- Installing: /home/createc/task2_ws/install/custom_interfaces/share/custom_interfaces/package.dsv
[4.143s] -- Installing: /home/createc/task2_ws/install/custom_interfaces/share/ament_index/resource_index/packages/custom_interfaces
[4.143s] -- Installing: /home/createc/task2_ws/install/custom_interfaces/share/custom_interfaces/cmake/custom_interfaces__rosidl_generator_cExport.cmake
[4.143s] -- Installing: /home/createc/task2_ws/install/custom_interfaces/share/custom_interfaces/cmake/custom_interfaces__rosidl_generator_cExport-noconfig.cmake
[4.143s] -- Installing: /home/createc/task2_ws/install/custom_interfaces/share/custom_interfaces/cmake/custom_interfaces__rosidl_typesupport_introspection_cExport.cmake
[4.143s] -- Installing: /home/createc/task2_ws/install/custom_interfaces/share/custom_interfaces/cmake/custom_interfaces__rosidl_typesupport_introspection_cExport-noconfig.cmake
[4.144s] -- Installing: /home/createc/task2_ws/install/custom_interfaces/share/custom_interfaces/cmake/custom_interfaces__rosidl_typesupport_cExport.cmake
[4.144s] -- Installing: /home/createc/task2_ws/install/custom_interfaces/share/custom_interfaces/cmake/custom_interfaces__rosidl_typesupport_cExport-noconfig.cmake
[4.144s] -- Installing: /home/createc/task2_ws/install/custom_interfaces/share/custom_interfaces/cmake/custom_interfaces__rosidl_generator_cppExport.cmake
[4.144s] -- Installing: /home/createc/task2_ws/install/custom_interfaces/share/custom_interfaces/cmake/custom_interfaces__rosidl_typesupport_introspection_cppExport.cmake
[4.144s] -- Installing: /home/createc/task2_ws/install/custom_interfaces/share/custom_interfaces/cmake/custom_interfaces__rosidl_typesupport_introspection_cppExport-noconfig.cmake
[4.145s] -- Installing: /home/createc/task2_ws/install/custom_interfaces/share/custom_interfaces/cmake/custom_interfaces__rosidl_typesupport_cppExport.cmake
[4.145s] -- Installing: /home/createc/task2_ws/install/custom_interfaces/share/custom_interfaces/cmake/custom_interfaces__rosidl_typesupport_cppExport-noconfig.cmake
[4.145s] -- Installing: /home/createc/task2_ws/install/custom_interfaces/share/custom_interfaces/cmake/rosidl_cmake-extras.cmake
[4.145s] -- Installing: /home/createc/task2_ws/install/custom_interfaces/share/custom_interfaces/cmake/ament_cmake_export_dependencies-extras.cmake
[4.145s] -- Installing: /home/createc/task2_ws/install/custom_interfaces/share/custom_interfaces/cmake/ament_cmake_export_libraries-extras.cmake
[4.145s] -- Installing: /home/createc/task2_ws/install/custom_interfaces/share/custom_interfaces/cmake/ament_cmake_export_targets-extras.cmake
[4.146s] -- Installing: /home/createc/task2_ws/install/custom_interfaces/share/custom_interfaces/cmake/ament_cmake_export_include_directories-extras.cmake
[4.146s] -- Installing: /home/createc/task2_ws/install/custom_interfaces/share/custom_interfaces/cmake/rosidl_cmake_export_typesupport_libraries-extras.cmake
[4.146s] -- Installing: /home/createc/task2_ws/install/custom_interfaces/share/custom_interfaces/cmake/rosidl_cmake_export_typesupport_targets-extras.cmake
[4.146s] -- Installing: /home/createc/task2_ws/install/custom_interfaces/share/custom_interfaces/cmake/custom_interfacesConfig.cmake
[4.146s] -- Installing: /home/createc/task2_ws/install/custom_interfaces/share/custom_interfaces/cmake/custom_interfacesConfig-version.cmake
[4.146s] -- Installing: /home/createc/task2_ws/install/custom_interfaces/share/custom_interfaces/package.xml
[4.150s] Invoked command in '/home/createc/task2_ws/build/custom_interfaces' returned '0': CMAKE_PREFIX_PATH=/opt/ros/galactic:${CMAKE_PREFIX_PATH} /usr/bin/cmake --install /home/createc/task2_ws/build/custom_interfaces
