[0.760s] Invoking command in '/home/createc/task2_ws/src/laptop_state': PYTHONPATH=/home/createc/task2_ws/install/laptop_state/lib/python3.8/site-packages:${PYTHONPATH} /usr/bin/python3 setup.py egg_info --egg-base ../../build/laptop_state build --build-base /home/createc/task2_ws/build/laptop_state/build install --prefix /home/createc/task2_ws/install/laptop_state --record /home/createc/task2_ws/build/laptop_state/install.log --single-version-externally-managed
[1.029s] running egg_info
[1.030s] writing ../../build/laptop_state/laptop_state.egg-info/PKG-INFO
[1.030s] writing dependency_links to ../../build/laptop_state/laptop_state.egg-info/dependency_links.txt
[1.030s] writing entry points to ../../build/laptop_state/laptop_state.egg-info/entry_points.txt
[1.031s] writing requirements to ../../build/laptop_state/laptop_state.egg-info/requires.txt
[1.031s] writing top-level names to ../../build/laptop_state/laptop_state.egg-info/top_level.txt
[1.066s] reading manifest file '../../build/laptop_state/laptop_state.egg-info/SOURCES.txt'
[1.067s] writing manifest file '../../build/laptop_state/laptop_state.egg-info/SOURCES.txt'
[1.067s] running build
[1.067s] running build_py
[1.067s] copying laptop_state/battery_publisher.py -> /home/createc/task2_ws/build/laptop_state/build/lib/laptop_state
[1.068s] running install
[1.068s] running install_lib
[1.069s] copying /home/createc/task2_ws/build/laptop_state/build/lib/laptop_state/battery_publisher.py -> /home/createc/task2_ws/install/laptop_state/lib/python3.8/site-packages/laptop_state
[1.070s] byte-compiling /home/createc/task2_ws/install/laptop_state/lib/python3.8/site-packages/laptop_state/battery_publisher.py to battery_publisher.cpython-38.pyc
[1.072s] running install_data
[1.073s] running install_egg_info
[1.075s] removing '/home/createc/task2_ws/install/laptop_state/lib/python3.8/site-packages/laptop_state-0.0.0-py3.8.egg-info' (and everything under it)
[1.075s] Copying ../../build/laptop_state/laptop_state.egg-info to /home/createc/task2_ws/install/laptop_state/lib/python3.8/site-packages/laptop_state-0.0.0-py3.8.egg-info
[1.076s] running install_scripts
[1.096s] Installing listener script to /home/createc/task2_ws/install/laptop_state/lib/laptop_state
[1.096s] Installing talker script to /home/createc/task2_ws/install/laptop_state/lib/laptop_state
[1.096s] writing list of installed files to '/home/createc/task2_ws/build/laptop_state/install.log'
[1.121s] Invoked command in '/home/createc/task2_ws/src/laptop_state' returned '0': PYTHONPATH=/home/createc/task2_ws/install/laptop_state/lib/python3.8/site-packages:${PYTHONPATH} /usr/bin/python3 setup.py egg_info --egg-base ../../build/laptop_state build --build-base /home/createc/task2_ws/build/laptop_state/build install --prefix /home/createc/task2_ws/install/laptop_state --record /home/createc/task2_ws/build/laptop_state/install.log --single-version-externally-managed
