/home/createc/task2_ws/install/laptop_state/lib/python3.8/site-packages/laptop_state/battery_publisher.py
/home/createc/task2_ws/install/laptop_state/lib/python3.8/site-packages/laptop_state/system_subscriber.py
/home/createc/task2_ws/install/laptop_state/lib/python3.8/site-packages/laptop_state/__init__.py
/home/createc/task2_ws/install/laptop_state/lib/python3.8/site-packages/laptop_state/system_publisher.py
/home/createc/task2_ws/install/laptop_state/lib/python3.8/site-packages/laptop_state/battery_subscriber.py
/home/createc/task2_ws/install/laptop_state/lib/python3.8/site-packages/laptop_state/__pycache__/battery_publisher.cpython-38.pyc
/home/createc/task2_ws/install/laptop_state/lib/python3.8/site-packages/laptop_state/__pycache__/system_subscriber.cpython-38.pyc
/home/createc/task2_ws/install/laptop_state/lib/python3.8/site-packages/laptop_state/__pycache__/__init__.cpython-38.pyc
/home/createc/task2_ws/install/laptop_state/lib/python3.8/site-packages/laptop_state/__pycache__/system_publisher.cpython-38.pyc
/home/createc/task2_ws/install/laptop_state/lib/python3.8/site-packages/laptop_state/__pycache__/battery_subscriber.cpython-38.pyc
/home/createc/task2_ws/install/laptop_state/share/ament_index/resource_index/packages/laptop_state
/home/createc/task2_ws/install/laptop_state/share/laptop_state/package.xml
/home/createc/task2_ws/install/laptop_state/lib/python3.8/site-packages/laptop_state-0.0.0-py3.8.egg-info/SOURCES.txt
/home/createc/task2_ws/install/laptop_state/lib/python3.8/site-packages/laptop_state-0.0.0-py3.8.egg-info/top_level.txt
/home/createc/task2_ws/install/laptop_state/lib/python3.8/site-packages/laptop_state-0.0.0-py3.8.egg-info/PKG-INFO
/home/createc/task2_ws/install/laptop_state/lib/python3.8/site-packages/laptop_state-0.0.0-py3.8.egg-info/entry_points.txt
/home/createc/task2_ws/install/laptop_state/lib/python3.8/site-packages/laptop_state-0.0.0-py3.8.egg-info/requires.txt
/home/createc/task2_ws/install/laptop_state/lib/python3.8/site-packages/laptop_state-0.0.0-py3.8.egg-info/zip-safe
/home/createc/task2_ws/install/laptop_state/lib/python3.8/site-packages/laptop_state-0.0.0-py3.8.egg-info/dependency_links.txt
/home/createc/task2_ws/install/laptop_state/lib/laptop_state/battery_listener
/home/createc/task2_ws/install/laptop_state/lib/laptop_state/battery_talker
/home/createc/task2_ws/install/laptop_state/lib/laptop_state/system_listener
/home/createc/task2_ws/install/laptop_state/lib/laptop_state/system_talker
