[0.747s] Invoking command in '/home/createc/task2_ws/src/laptop_state': AMENT_PREFIX_PATH=/home/createc/task2_ws/install/custom_interfaces:${AMENT_PREFIX_PATH} CMAKE_PREFIX_PATH=/home/createc/task2_ws/install/custom_interfaces:${CMAKE_PREFIX_PATH} LD_LIBRARY_PATH=/home/createc/task2_ws/install/custom_interfaces/lib:${LD_LIBRARY_PATH} PYTHONPATH=/home/createc/task2_ws/install/laptop_state/lib/python3.8/site-packages:/home/createc/task2_ws/install/custom_interfaces/lib/python3.8/site-packages:${PYTHONPATH} /usr/bin/python3 setup.py egg_info --egg-base ../../build/laptop_state build --build-base /home/createc/task2_ws/build/laptop_state/build install --prefix /home/createc/task2_ws/install/laptop_state --record /home/createc/task2_ws/build/laptop_state/install.log --single-version-externally-managed
[1.007s] running egg_info
[1.007s] writing ../../build/laptop_state/laptop_state.egg-info/PKG-INFO
[1.008s] writing dependency_links to ../../build/laptop_state/laptop_state.egg-info/dependency_links.txt
[1.008s] writing entry points to ../../build/laptop_state/laptop_state.egg-info/entry_points.txt
[1.008s] writing requirements to ../../build/laptop_state/laptop_state.egg-info/requires.txt
[1.008s] writing top-level names to ../../build/laptop_state/laptop_state.egg-info/top_level.txt
[1.042s] reading manifest file '../../build/laptop_state/laptop_state.egg-info/SOURCES.txt'
[1.042s] writing manifest file '../../build/laptop_state/laptop_state.egg-info/SOURCES.txt'
[1.043s] running build
[1.043s] running build_py
[1.043s] copying laptop_state/system_subscriber.py -> /home/createc/task2_ws/build/laptop_state/build/lib/laptop_state
[1.043s] running install
[1.044s] running install_lib
[1.045s] copying /home/createc/task2_ws/build/laptop_state/build/lib/laptop_state/system_subscriber.py -> /home/createc/task2_ws/install/laptop_state/lib/python3.8/site-packages/laptop_state
[1.045s] byte-compiling /home/createc/task2_ws/install/laptop_state/lib/python3.8/site-packages/laptop_state/system_subscriber.py to system_subscriber.cpython-38.pyc
[1.047s] running install_data
[1.048s] running install_egg_info
[1.049s] removing '/home/createc/task2_ws/install/laptop_state/lib/python3.8/site-packages/laptop_state-0.0.0-py3.8.egg-info' (and everything under it)
[1.050s] Copying ../../build/laptop_state/laptop_state.egg-info to /home/createc/task2_ws/install/laptop_state/lib/python3.8/site-packages/laptop_state-0.0.0-py3.8.egg-info
[1.051s] running install_scripts
[1.067s] Installing battery_listener script to /home/createc/task2_ws/install/laptop_state/lib/laptop_state
[1.068s] Installing battery_talker script to /home/createc/task2_ws/install/laptop_state/lib/laptop_state
[1.068s] Installing system_listener script to /home/createc/task2_ws/install/laptop_state/lib/laptop_state
[1.068s] Installing system_talker script to /home/createc/task2_ws/install/laptop_state/lib/laptop_state
[1.068s] writing list of installed files to '/home/createc/task2_ws/build/laptop_state/install.log'
[1.093s] Invoked command in '/home/createc/task2_ws/src/laptop_state' returned '0': AMENT_PREFIX_PATH=/home/createc/task2_ws/install/custom_interfaces:${AMENT_PREFIX_PATH} CMAKE_PREFIX_PATH=/home/createc/task2_ws/install/custom_interfaces:${CMAKE_PREFIX_PATH} LD_LIBRARY_PATH=/home/createc/task2_ws/install/custom_interfaces/lib:${LD_LIBRARY_PATH} PYTHONPATH=/home/createc/task2_ws/install/laptop_state/lib/python3.8/site-packages:/home/createc/task2_ws/install/custom_interfaces/lib/python3.8/site-packages:${PYTHONPATH} /usr/bin/python3 setup.py egg_info --egg-base ../../build/laptop_state build --build-base /home/createc/task2_ws/build/laptop_state/build install --prefix /home/createc/task2_ws/install/laptop_state --record /home/createc/task2_ws/build/laptop_state/install.log --single-version-externally-managed
