[0.849s] Invoking command in '/home/createc/task2_ws/src/laptop_state': PYTHONPATH=/home/createc/task2_ws/install/laptop_state/lib/python3.8/site-packages:${PYTHONPATH} /usr/bin/python3 setup.py egg_info --egg-base ../../build/laptop_state build --build-base /home/createc/task2_ws/build/laptop_state/build install --prefix /home/createc/task2_ws/install/laptop_state --record /home/createc/task2_ws/build/laptop_state/install.log --single-version-externally-managed
[1.100s] running egg_info
[1.101s] writing ../../build/laptop_state/laptop_state.egg-info/PKG-INFO
[1.104s] writing dependency_links to ../../build/laptop_state/laptop_state.egg-info/dependency_links.txt
[1.104s] writing entry points to ../../build/laptop_state/laptop_state.egg-info/entry_points.txt
[1.104s] writing requirements to ../../build/laptop_state/laptop_state.egg-info/requires.txt
[1.104s] writing top-level names to ../../build/laptop_state/laptop_state.egg-info/top_level.txt
[1.142s] reading manifest file '../../build/laptop_state/laptop_state.egg-info/SOURCES.txt'
[1.143s] writing manifest file '../../build/laptop_state/laptop_state.egg-info/SOURCES.txt'
[1.143s] running build
[1.143s] running build_py
[1.144s] copying laptop_state/system_subscriber.py -> /home/createc/task2_ws/build/laptop_state/build/lib/laptop_state
[1.144s] copying laptop_state/system_publisher.py -> /home/createc/task2_ws/build/laptop_state/build/lib/laptop_state
[1.144s] running install
[1.145s] running install_lib
[1.146s] copying /home/createc/task2_ws/build/laptop_state/build/lib/laptop_state/system_subscriber.py -> /home/createc/task2_ws/install/laptop_state/lib/python3.8/site-packages/laptop_state
[1.146s] copying /home/createc/task2_ws/build/laptop_state/build/lib/laptop_state/system_publisher.py -> /home/createc/task2_ws/install/laptop_state/lib/python3.8/site-packages/laptop_state
[1.147s] byte-compiling /home/createc/task2_ws/install/laptop_state/lib/python3.8/site-packages/laptop_state/system_subscriber.py to system_subscriber.cpython-38.pyc
[1.148s]   File "/home/createc/task2_ws/install/laptop_state/lib/python3.8/site-packages/laptop_state/system_subscriber.py", line 13
[1.148s]     def listener_callback(self, self.system):
[1.148s]                                     ^
[1.148s] SyntaxError: invalid syntax
[1.148s] 
[1.148s] byte-compiling /home/createc/task2_ws/install/laptop_state/lib/python3.8/site-packages/laptop_state/system_publisher.py to system_publisher.cpython-38.pyc
[1.149s] running install_data
[1.149s] copying package.xml -> /home/createc/task2_ws/install/laptop_state/share/laptop_state
[1.149s] running install_egg_info
[1.151s] removing '/home/createc/task2_ws/install/laptop_state/lib/python3.8/site-packages/laptop_state-0.0.0-py3.8.egg-info' (and everything under it)
[1.152s] Copying ../../build/laptop_state/laptop_state.egg-info to /home/createc/task2_ws/install/laptop_state/lib/python3.8/site-packages/laptop_state-0.0.0-py3.8.egg-info
[1.152s] running install_scripts
[1.169s] Installing battery_listener script to /home/createc/task2_ws/install/laptop_state/lib/laptop_state
[1.169s] Installing battery_talker script to /home/createc/task2_ws/install/laptop_state/lib/laptop_state
[1.169s] Installing system_listener script to /home/createc/task2_ws/install/laptop_state/lib/laptop_state
[1.169s] Installing system_talker script to /home/createc/task2_ws/install/laptop_state/lib/laptop_state
[1.169s] writing list of installed files to '/home/createc/task2_ws/build/laptop_state/install.log'
[1.192s] Invoked command in '/home/createc/task2_ws/src/laptop_state' returned '0': PYTHONPATH=/home/createc/task2_ws/install/laptop_state/lib/python3.8/site-packages:${PYTHONPATH} /usr/bin/python3 setup.py egg_info --egg-base ../../build/laptop_state build --build-base /home/createc/task2_ws/build/laptop_state/build install --prefix /home/createc/task2_ws/install/laptop_state --record /home/createc/task2_ws/build/laptop_state/install.log --single-version-externally-managed
