[0.014s] Invoking command in '/home/createc/task2_ws/build/custom_interfaces': CMAKE_PREFIX_PATH=/opt/ros/galactic:${CMAKE_PREFIX_PATH} /usr/bin/cmake /home/createc/task2_ws/src/custom_interfaces -DCMAKE_INSTALL_PREFIX=/home/createc/task2_ws/install/custom_interfaces
[0.083s] -- The C compiler identification is GNU 9.4.0
[0.147s] -- The CXX compiler identification is GNU 9.4.0
[0.154s] -- Check for working C compiler: /usr/bin/cc
[0.241s] -- Check for working C compiler: /usr/bin/cc -- works
[0.242s] -- Detecting C compiler ABI info
[0.323s] -- Detecting C compiler ABI info - done
[0.338s] -- Detecting C compile features
[0.338s] -- Detecting C compile features - done
[0.341s] -- Check for working CXX compiler: /usr/bin/c++
[0.426s] -- Check for working CXX compiler: /usr/bin/c++ -- works
[0.427s] -- Detecting CXX compiler ABI info
[0.516s] -- Detecting CXX compiler ABI info - done
[0.528s] -- Detecting CXX compile features
[0.529s] -- Detecting CXX compile features - done
[0.537s] -- Found ament_cmake: 1.1.5 (/opt/ros/galactic/share/ament_cmake/cmake)
[0.565s] -- Found PythonInterp: /usr/bin/python3 (found suitable version "3.8.10", minimum required is "3") 
[0.566s] -- Using PYTHON_EXECUTABLE: /usr/bin/python3
[0.661s] -- Found rosidl_default_generators: 1.1.1 (/opt/ros/galactic/share/rosidl_default_generators/cmake)
[0.666s] -- Using all available rosidl_typesupport_c: rosidl_typesupport_fastrtps_c;rosidl_typesupport_introspection_c
[0.677s] -- Found rosidl_adapter: 2.2.2 (/opt/ros/galactic/share/rosidl_adapter/cmake)
[0.836s] -- Found OpenSSL: /usr/lib/x86_64-linux-gnu/libcrypto.so (found version "1.1.1f")  
[0.870s] -- Found FastRTPS: /opt/ros/galactic/include  
[0.973s] -- Using all available rosidl_typesupport_cpp: rosidl_typesupport_fastrtps_cpp;rosidl_typesupport_introspection_cpp
[1.009s] CMake Error at /opt/ros/galactic/share/rosidl_cmake/cmake/rosidl_generate_interfaces.cmake:93 (message):
[1.009s]   rosidl_generate_interfaces() the passed file 'msg/syst_msgs' doesn't exist
[1.010s]   relative to the CMAKE_CURRENT_SOURCE_DIR
[1.010s]   '/home/createc/task2_ws/src/custom_interfaces'
[1.010s] Call Stack (most recent call first):
[1.010s]   CMakeLists.txt:16 (rosidl_generate_interfaces)
[1.010s] 
[1.010s] 
[1.011s] -- Configuring incomplete, errors occurred!
[1.011s] See also "/home/createc/task2_ws/build/custom_interfaces/CMakeFiles/CMakeOutput.log".
[1.018s] Invoked command in '/home/createc/task2_ws/build/custom_interfaces' returned '1': CMAKE_PREFIX_PATH=/opt/ros/galactic:${CMAKE_PREFIX_PATH} /usr/bin/cmake /home/createc/task2_ws/src/custom_interfaces -DCMAKE_INSTALL_PREFIX=/home/createc/task2_ws/install/custom_interfaces
